<?xml version="1.0" encoding="UTF-8"?>
<coverage generated="1753034315125" clover="3.2.0">
  <project timestamp="1753034315125" name="All files">
    <metrics statements="42" coveredstatements="40" conditionals="10" coveredconditionals="6" methods="16" coveredmethods="15" elements="68" coveredelements="61" complexity="0" loc="42" ncloc="42" packages="3" files="6" classes="6"/>
    <package name="components">
      <metrics statements="21" coveredstatements="21" conditionals="6" coveredconditionals="4" methods="11" coveredmethods="11"/>
      <file name="ProductCard.js" path="/Users/mukuljain/online-store/src/components/ProductCard.js">
        <metrics statements="6" coveredstatements="6" conditionals="2" coveredconditionals="1" methods="2" coveredmethods="2"/>
        <line num="8" count="100" type="stmt"/>
        <line num="9" count="100" type="stmt"/>
        <line num="11" count="100" type="stmt"/>
        <line num="13" count="1" type="stmt"/>
        <line num="14" count="1" type="stmt"/>
        <line num="17" count="100" type="stmt"/>
      </file>
      <file name="ProductList.js" path="/Users/mukuljain/online-store/src/components/ProductList.js">
        <metrics statements="15" coveredstatements="15" conditionals="4" coveredconditionals="3" methods="9" coveredmethods="9"/>
        <line num="9" count="7" type="stmt"/>
        <line num="10" count="3" type="stmt"/>
        <line num="12" count="3" type="stmt"/>
        <line num="14" count="1" type="cond" truecount="1" falsecount="1"/>
        <line num="15" count="1" type="stmt"/>
        <line num="16" count="1" type="stmt"/>
        <line num="17" count="1" type="stmt"/>
        <line num="18" count="1" type="stmt"/>
        <line num="22" count="1" type="stmt"/>
        <line num="23" count="1" type="stmt"/>
        <line num="24" count="1" type="stmt"/>
        <line num="25" count="1" type="stmt"/>
        <line num="27" count="1" type="stmt"/>
        <line num="29" count="3" type="stmt"/>
        <line num="33" count="100" type="stmt"/>
      </file>
    </package>
    <package name="mock-data">
      <metrics statements="1" coveredstatements="1" conditionals="0" coveredconditionals="0" methods="0" coveredmethods="0"/>
      <file name="mockProducts.js" path="/Users/mukuljain/online-store/src/mock-data/mockProducts.js">
        <metrics statements="1" coveredstatements="1" conditionals="0" coveredconditionals="0" methods="0" coveredmethods="0"/>
        <line num="1" count="1" type="stmt"/>
      </file>
    </package>
    <package name="store">
      <metrics statements="20" coveredstatements="18" conditionals="4" coveredconditionals="2" methods="5" coveredmethods="4"/>
      <file name="cartSlice.js" path="/Users/mukuljain/online-store/src/store/cartSlice.js">
        <metrics statements="11" coveredstatements="9" conditionals="2" coveredconditionals="1" methods="2" coveredmethods="1"/>
        <line num="3" count="1" type="stmt"/>
        <line num="9" count="1" type="stmt"/>
        <line num="14" count="1" type="stmt"/>
        <line num="15" count="1" type="stmt"/>
        <line num="17" count="1" type="cond" truecount="1" falsecount="1"/>
        <line num="18" count="0" type="stmt"/>
        <line num="19" count="0" type="stmt"/>
        <line num="21" count="1" type="stmt"/>
        <line num="28" count="1" type="stmt"/>
        <line num="29" count="1" type="stmt"/>
        <line num="34" count="1" type="stmt"/>
      </file>
      <file name="index.js" path="/Users/mukuljain/online-store/src/store/index.js">
        <metrics statements="1" coveredstatements="1" conditionals="0" coveredconditionals="0" methods="0" coveredmethods="0"/>
        <line num="5" count="1" type="stmt"/>
      </file>
      <file name="productsSlice.js" path="/Users/mukuljain/online-store/src/store/productsSlice.js">
        <metrics statements="8" coveredstatements="8" conditionals="2" coveredconditionals="1" methods="3" coveredmethods="3"/>
        <line num="2" count="1" type="stmt"/>
        <line num="3" count="1" type="stmt"/>
        <line num="8" count="1" type="stmt"/>
        <line num="11" count="1" type="stmt"/>
        <line num="12" count="1" type="stmt"/>
        <line num="13" count="1" type="cond" truecount="1" falsecount="1"/>
        <line num="14" count="1" type="stmt"/>
        <line num="20" count="1" type="stmt"/>
      </file>
    </package>
  </project>
</coverage>
