{"/Users/mukuljain/online-store/src/components/ProductCard.js": {"path":"/Users/mukuljain/online-store/src/components/ProductCard.js","statementMap":{"0":{"start":{"line":8,"column":46},"end":{"line":8,"column":53}},"1":{"start":{"line":9,"column":19},"end":{"line":9,"column":32}},"2":{"start":{"line":11,"column":26},"end":{"line":15,"column":3}},"3":{"start":{"line":13,"column":4},"end":{"line":13,"column":37}},"4":{"start":{"line":14,"column":4},"end":{"line":14,"column":72}},"5":{"start":{"line":17,"column":2},"end":{"line":43,"column":4}}},"fnMap":{"0":{"name":"ProductCard","decl":{"start":{"line":7,"column":9},"end":{"line":7,"column":20}},"loc":{"start":{"line":7,"column":34},"end":{"line":44,"column":1}},"line":7},"1":{"name":"(anonymous_1)","decl":{"start":{"line":11,"column":26},"end":{"line":11,"column":27}},"loc":{"start":{"line":11,"column":32},"end":{"line":15,"column":3}},"line":11}},"branchMap":{"0":{"loc":{"start":{"line":31,"column":11},"end":{"line":39,"column":11}},"type":"cond-expr","locations":[{"start":{"line":32,"column":12},"end":{"line":34,"column":21}},{"start":{"line":36,"column":12},"end":{"line":38,"column":21}}],"line":31}},"s":{"0":100,"1":100,"2":100,"3":1,"4":1,"5":100},"f":{"0":100,"1":1},"b":{"0":[100,0]},"_coverageSchema":"1a1c01bbd47fc00a2c39e90264f33305004495a9","hash":"49dee3449eb118dee45e50cb2ba01f4a1cf0758c"}
,"/Users/mukuljain/online-store/src/components/ProductList.js": {"path":"/Users/mukuljain/online-store/src/components/ProductList.js","statementMap":{"0":{"start":{"line":9,"column":19},"end":{"line":9,"column":57}},"1":{"start":{"line":9,"column":42},"end":{"line":9,"column":56}},"2":{"start":{"line":10,"column":19},"end":{"line":10,"column":32}},"3":{"start":{"line":12,"column":2},"end":{"line":28,"column":9}},"4":{"start":{"line":14,"column":4},"end":{"line":14,"column":25}},"5":{"start":{"line":14,"column":18},"end":{"line":14,"column":25}},"6":{"start":{"line":15,"column":30},"end":{"line":21,"column":5}},"7":{"start":{"line":16,"column":6},"end":{"line":20,"column":9}},"8":{"start":{"line":17,"column":8},"end":{"line":19,"column":17}},"9":{"start":{"line":18,"column":10},"end":{"line":18,"column":65}},"10":{"start":{"line":18,"column":32},"end":{"line":18,"column":61}},"11":{"start":{"line":22,"column":22},"end":{"line":26,"column":5}},"12":{"start":{"line":23,"column":23},"end":{"line":23,"column":48}},"13":{"start":{"line":24,"column":19},"end":{"line":24,"column":40}},"14":{"start":{"line":25,"column":6},"end":{"line":25,"column":34}},"15":{"start":{"line":27,"column":4},"end":{"line":27,"column":16}},"16":{"start":{"line":29,"column":2},"end":{"line":36,"column":4}},"17":{"start":{"line":33,"column":10},"end":{"line":33,"column":60}}},"fnMap":{"0":{"name":"ProductList","decl":{"start":{"line":8,"column":9},"end":{"line":8,"column":20}},"loc":{"start":{"line":8,"column":23},"end":{"line":37,"column":1}},"line":8},"1":{"name":"(anonymous_1)","decl":{"start":{"line":9,"column":31},"end":{"line":9,"column":32}},"loc":{"start":{"line":9,"column":42},"end":{"line":9,"column":56}},"line":9},"2":{"name":"(anonymous_2)","decl":{"start":{"line":12,"column":12},"end":{"line":12,"column":13}},"loc":{"start":{"line":12,"column":18},"end":{"line":28,"column":3}},"line":12},"3":{"name":"(anonymous_3)","decl":{"start":{"line":15,"column":30},"end":{"line":15,"column":31}},"loc":{"start":{"line":15,"column":36},"end":{"line":21,"column":5}},"line":15},"4":{"name":"(anonymous_4)","decl":{"start":{"line":16,"column":25},"end":{"line":16,"column":26}},"loc":{"start":{"line":16,"column":38},"end":{"line":20,"column":7}},"line":16},"5":{"name":"(anonymous_5)","decl":{"start":{"line":17,"column":19},"end":{"line":17,"column":20}},"loc":{"start":{"line":17,"column":25},"end":{"line":19,"column":9}},"line":17},"6":{"name":"(anonymous_6)","decl":{"start":{"line":18,"column":26},"end":{"line":18,"column":27}},"loc":{"start":{"line":18,"column":32},"end":{"line":18,"column":61}},"line":18},"7":{"name":"(anonymous_7)","decl":{"start":{"line":22,"column":22},"end":{"line":22,"column":23}},"loc":{"start":{"line":22,"column":34},"end":{"line":26,"column":5}},"line":22},"8":{"name":"(anonymous_8)","decl":{"start":{"line":32,"column":21},"end":{"line":32,"column":22}},"loc":{"start":{"line":33,"column":10},"end":{"line":33,"column":60}},"line":33}},"branchMap":{"0":{"loc":{"start":{"line":14,"column":4},"end":{"line":14,"column":25}},"type":"if","locations":[{"start":{"line":14,"column":4},"end":{"line":14,"column":25}},{"start":{},"end":{}}],"line":14},"1":{"loc":{"start":{"line":31,"column":7},"end":{"line":34,"column":10}},"type":"binary-expr","locations":[{"start":{"line":31,"column":7},"end":{"line":31,"column":15}},{"start":{"line":32,"column":8},"end":{"line":34,"column":10}}],"line":31}},"s":{"0":3,"1":7,"2":3,"3":3,"4":1,"5":0,"6":1,"7":1,"8":1,"9":1,"10":1,"11":1,"12":1,"13":1,"14":1,"15":1,"16":3,"17":100},"f":{"0":3,"1":7,"2":1,"3":1,"4":1,"5":1,"6":1,"7":1,"8":100},"b":{"0":[0,1],"1":[3,2]},"_coverageSchema":"1a1c01bbd47fc00a2c39e90264f33305004495a9","hash":"d299bebde090e692f30e4c31eff2fcc518f3be42"}
,"/Users/mukuljain/online-store/src/mock-data/mockProducts.js": {"path":"/Users/mukuljain/online-store/src/mock-data/mockProducts.js","statementMap":{"0":{"start":{"line":1,"column":21},"end":{"line":402,"column":1}}},"fnMap":{},"branchMap":{},"s":{"0":1},"f":{},"b":{},"_coverageSchema":"1a1c01bbd47fc00a2c39e90264f33305004495a9","hash":"0aeb82952744ff6b974fabcff1a7b3b1f618c529"}
,"/Users/mukuljain/online-store/src/store/cartSlice.js": {"path":"/Users/mukuljain/online-store/src/store/cartSlice.js","statementMap":{"0":{"start":{"line":3,"column":21},"end":{"line":7,"column":1}},"1":{"start":{"line":9,"column":18},"end":{"line":32,"column":2}},"2":{"start":{"line":14,"column":22},"end":{"line":14,"column":36}},"3":{"start":{"line":15,"column":27},"end":{"line":15,"column":77}},"4":{"start":{"line":15,"column":54},"end":{"line":15,"column":76}},"5":{"start":{"line":17,"column":6},"end":{"line":26,"column":7}},"6":{"start":{"line":18,"column":8},"end":{"line":18,"column":35}},"7":{"start":{"line":19,"column":8},"end":{"line":19,"column":49}},"8":{"start":{"line":21,"column":8},"end":{"line":25,"column":11}},"9":{"start":{"line":28,"column":6},"end":{"line":28,"column":31}},"10":{"start":{"line":29,"column":6},"end":{"line":29,"column":41}},"11":{"start":{"line":34,"column":33},"end":{"line":34,"column":50}}},"fnMap":{"0":{"name":"(anonymous_0)","decl":{"start":{"line":13,"column":4},"end":{"line":13,"column":5}},"loc":{"start":{"line":13,"column":33},"end":{"line":30,"column":5}},"line":13},"1":{"name":"(anonymous_1)","decl":{"start":{"line":15,"column":44},"end":{"line":15,"column":45}},"loc":{"start":{"line":15,"column":54},"end":{"line":15,"column":76}},"line":15}},"branchMap":{"0":{"loc":{"start":{"line":17,"column":6},"end":{"line":26,"column":7}},"type":"if","locations":[{"start":{"line":17,"column":6},"end":{"line":26,"column":7}},{"start":{"line":20,"column":13},"end":{"line":26,"column":7}}],"line":17}},"s":{"0":1,"1":1,"2":1,"3":1,"4":0,"5":1,"6":0,"7":0,"8":1,"9":1,"10":1,"11":1},"f":{"0":1,"1":0},"b":{"0":[0,1]},"_coverageSchema":"1a1c01bbd47fc00a2c39e90264f33305004495a9","hash":"4676cbff698f20f3018011fb8c97763520adcdcf"}
,"/Users/mukuljain/online-store/src/store/index.js": {"path":"/Users/mukuljain/online-store/src/store/index.js","statementMap":{"0":{"start":{"line":5,"column":14},"end":{"line":10,"column":2}}},"fnMap":{},"branchMap":{},"s":{"0":1},"f":{},"b":{},"_coverageSchema":"1a1c01bbd47fc00a2c39e90264f33305004495a9","hash":"f178ffb5b5261db62d29a5cb6eb82eb6bddfbe59"}
,"/Users/mukuljain/online-store/src/store/productsSlice.js": {"path":"/Users/mukuljain/online-store/src/store/productsSlice.js","statementMap":{"0":{"start":{"line":2,"column":21},"end":{"line":2,"column":25}},"1":{"start":{"line":3,"column":22},"end":{"line":18,"column":2}},"2":{"start":{"line":8,"column":6},"end":{"line":8,"column":28}},"3":{"start":{"line":11,"column":28},"end":{"line":11,"column":42}},"4":{"start":{"line":12,"column":22},"end":{"line":12,"column":64}},"5":{"start":{"line":12,"column":46},"end":{"line":12,"column":63}},"6":{"start":{"line":13,"column":6},"end":{"line":15,"column":7}},"7":{"start":{"line":14,"column":8},"end":{"line":14,"column":30}},"8":{"start":{"line":20,"column":44},"end":{"line":20,"column":65}}},"fnMap":{"0":{"name":"(anonymous_0)","decl":{"start":{"line":7,"column":4},"end":{"line":7,"column":5}},"loc":{"start":{"line":7,"column":31},"end":{"line":9,"column":5}},"line":7},"1":{"name":"(anonymous_1)","decl":{"start":{"line":10,"column":4},"end":{"line":10,"column":5}},"loc":{"start":{"line":10,"column":31},"end":{"line":16,"column":5}},"line":10},"2":{"name":"(anonymous_2)","decl":{"start":{"line":12,"column":33},"end":{"line":12,"column":34}},"loc":{"start":{"line":12,"column":46},"end":{"line":12,"column":63}},"line":12}},"branchMap":{"0":{"loc":{"start":{"line":13,"column":6},"end":{"line":15,"column":7}},"type":"if","locations":[{"start":{"line":13,"column":6},"end":{"line":15,"column":7}},{"start":{},"end":{}}],"line":13}},"s":{"0":1,"1":1,"2":1,"3":1,"4":1,"5":1,"6":1,"7":1,"8":1},"f":{"0":1,"1":1,"2":1},"b":{"0":[1,0]},"_coverageSchema":"1a1c01bbd47fc00a2c39e90264f33305004495a9","hash":"a76d7c331edce7353acc2be8e413dc2d0d4f9fa5"}
}
