TN:
SF:src/components/ProductCard.js
FN:7,ProductCard
FN:11,(anonymous_1)
FNF:2
FNH:2
FNDA:100,ProductCard
FNDA:1,(anonymous_1)
DA:8,100
DA:9,100
DA:11,100
DA:13,1
DA:14,1
DA:17,100
LF:6
LH:6
BRDA:31,0,0,100
BRDA:31,0,1,0
BRF:2
BRH:1
end_of_record
TN:
SF:src/components/ProductList.js
FN:8,ProductList
FN:9,(anonymous_1)
FN:12,(anonymous_2)
FN:15,(anonymous_3)
FN:16,(anonymous_4)
FN:17,(anonymous_5)
FN:18,(anonymous_6)
FN:22,(anonymous_7)
FN:32,(anonymous_8)
FNF:9
FNH:9
FNDA:3,ProductList
FNDA:7,(anonymous_1)
FNDA:1,(anonymous_2)
FNDA:1,(anonymous_3)
FNDA:1,(anonymous_4)
FNDA:1,(anonymous_5)
FNDA:1,(anonymous_6)
FNDA:1,(anonymous_7)
FNDA:100,(anonymous_8)
DA:9,7
DA:10,3
DA:12,3
DA:14,1
DA:15,1
DA:16,1
DA:17,1
DA:18,1
DA:22,1
DA:23,1
DA:24,1
DA:25,1
DA:27,1
DA:29,3
DA:33,100
LF:15
LH:15
BRDA:14,0,0,0
BRDA:14,0,1,1
BRDA:31,1,0,3
BRDA:31,1,1,2
BRF:4
BRH:3
end_of_record
TN:
SF:src/mock-data/mockProducts.js
FNF:0
FNH:0
DA:1,1
LF:1
LH:1
BRF:0
BRH:0
end_of_record
TN:
SF:src/store/cartSlice.js
FN:13,(anonymous_0)
FN:15,(anonymous_1)
FNF:2
FNH:1
FNDA:1,(anonymous_0)
FNDA:0,(anonymous_1)
DA:3,1
DA:9,1
DA:14,1
DA:15,1
DA:17,1
DA:18,0
DA:19,0
DA:21,1
DA:28,1
DA:29,1
DA:34,1
LF:11
LH:9
BRDA:17,0,0,0
BRDA:17,0,1,1
BRF:2
BRH:1
end_of_record
TN:
SF:src/store/index.js
FNF:0
FNH:0
DA:5,1
LF:1
LH:1
BRF:0
BRH:0
end_of_record
TN:
SF:src/store/productsSlice.js
FN:7,(anonymous_0)
FN:10,(anonymous_1)
FN:12,(anonymous_2)
FNF:3
FNH:3
FNDA:1,(anonymous_0)
FNDA:1,(anonymous_1)
FNDA:1,(anonymous_2)
DA:2,1
DA:3,1
DA:8,1
DA:11,1
DA:12,1
DA:13,1
DA:14,1
DA:20,1
LF:8
LH:8
BRDA:13,0,0,1
BRDA:13,0,1,0
BRF:2
BRH:1
end_of_record
